2017-08-13 22:14:50.985  INFO 9968 --- [main] io.stephen.ZSH.ZSHEurekaApplication      : No active profile set, falling back to default profiles: default
2017-08-13 22:14:51.004  INFO 9968 --- [main] ationConfigEmbeddedWebApplicationContext : Refreshing org.springframework.boot.context.embedded.AnnotationConfigEmbeddedWebApplicationContext@82ea68c: startup date [Sun Aug 13 22:14:51 CST 2017]; parent: org.springframework.context.annotation.AnnotationConfigApplicationContext@7995092a
2017-08-13 22:14:51.626  INFO 9968 --- [main] o.s.cloud.context.scope.GenericScope     : BeanFactory id=1f26e182-94f3-3424-a98b-bacd83c0ce37
2017-08-13 22:14:51.641  INFO 9968 --- [main] f.a.AutowiredAnnotationBeanPostProcessor : JSR-330 'javax.inject.Inject' annotation found and supported for autowiring
2017-08-13 22:14:51.689  INFO 9968 --- [main] trationDelegate$BeanPostProcessorChecker : Bean 'org.springframework.cloud.autoconfigure.ConfigurationPropertiesRebinderAutoConfiguration' of type [org.springframework.cloud.autoconfigure.ConfigurationPropertiesRebinderAutoConfiguration$$EnhancerBySpringCGLIB$$c2318425] is not eligible for getting processed by all BeanPostProcessors (for example: not eligible for auto-proxying)
2017-08-13 22:14:51.992  INFO 9968 --- [main] s.b.c.e.t.TomcatEmbeddedServletContainer : Tomcat initialized with port(s): 1001 (http)
2017-08-13 22:14:52.001  INFO 9968 --- [main] o.apache.catalina.core.StandardService   : Starting service [Tomcat]
2017-08-13 22:14:52.002  INFO 9968 --- [main] org.apache.catalina.core.StandardEngine  : Starting Servlet Engine: Apache Tomcat/8.5.15
2017-08-13 22:14:52.112  INFO 9968 --- [localhost-startStop-1] o.a.c.c.C.[Tomcat].[localhost].[/]       : Initializing Spring embedded WebApplicationContext
2017-08-13 22:14:52.113  INFO 9968 --- [localhost-startStop-1] o.s.web.context.ContextLoader            : Root WebApplicationContext: initialization completed in 1109 ms
2017-08-13 22:14:52.500 ERROR 9968 --- [localhost-startStop-1] o.s.b.c.embedded.tomcat.TomcatStarter    : Error starting Tomcat context. Exception: org.springframework.beans.factory.UnsatisfiedDependencyException. Message: Error creating bean with name 'traceFilterRegistration' defined in class path resource [org/springframework/cloud/netflix/eureka/server/EurekaServerAutoConfiguration.class]: Unsatisfied dependency expressed through method 'traceFilterRegistration' parameter 0; nested exception is org.springframework.beans.factory.NoSuchBeanDefinitionException: No qualifying bean of type 'javax.servlet.Filter' available: expected at least 1 bean which qualifies as autowire candidate. Dependency annotations: {@org.springframework.beans.factory.annotation.Qualifier(value=webRequestLoggingFilter)}
2017-08-13 22:14:52.521  WARN 9968 --- [main] ationConfigEmbeddedWebApplicationContext : Exception encountered during context initialization - cancelling refresh attempt: org.springframework.context.ApplicationContextException: Unable to start embedded container; nested exception is org.springframework.boot.context.embedded.EmbeddedServletContainerException: Unable to start embedded Tomcat
2017-08-13 22:14:52.530  INFO 9968 --- [main] utoConfigurationReportLoggingInitializer : 

Error starting ApplicationContext. To display the auto-configuration report re-run your application with 'debug' enabled.
2017-08-13 22:14:52.626 ERROR 9968 --- [main] o.s.b.d.LoggingFailureAnalysisReporter   : 

***************************
APPLICATION FAILED TO START
***************************

Description:

Parameter 0 of method traceFilterRegistration in org.springframework.cloud.netflix.eureka.server.EurekaServerAutoConfiguration required a bean of type 'javax.servlet.Filter' that could not be found.
	- Bean method 'resourceUrlEncodingFilter' in 'FreeMarkerAutoConfiguration.FreeMarkerWebConfiguration' not loaded because @ConditionalOnEnabledResourceChain did not find class org.webjars.WebJarAssetLocator


Action:

Consider revisiting the conditions above or defining a bean of type 'javax.servlet.Filter' in your configuration.

2017-08-13 22:15:51.226  INFO 11128 --- [main] io.stephen.ZSH.ZSHEurekaApplication      : No active profile set, falling back to default profiles: default
2017-08-13 22:15:51.242  INFO 11128 --- [main] ationConfigEmbeddedWebApplicationContext : Refreshing org.springframework.boot.context.embedded.AnnotationConfigEmbeddedWebApplicationContext@82ea68c: startup date [Sun Aug 13 22:15:51 CST 2017]; parent: org.springframework.context.annotation.AnnotationConfigApplicationContext@f8c1ddd
2017-08-13 22:15:51.962  INFO 11128 --- [main] o.s.cloud.context.scope.GenericScope     : BeanFactory id=1f26e182-94f3-3424-a98b-bacd83c0ce37
2017-08-13 22:15:51.977  INFO 11128 --- [main] f.a.AutowiredAnnotationBeanPostProcessor : JSR-330 'javax.inject.Inject' annotation found and supported for autowiring
2017-08-13 22:15:52.026  INFO 11128 --- [main] trationDelegate$BeanPostProcessorChecker : Bean 'org.springframework.cloud.autoconfigure.ConfigurationPropertiesRebinderAutoConfiguration' of type [org.springframework.cloud.autoconfigure.ConfigurationPropertiesRebinderAutoConfiguration$$EnhancerBySpringCGLIB$$9673527c] is not eligible for getting processed by all BeanPostProcessors (for example: not eligible for auto-proxying)
2017-08-13 22:15:52.342  INFO 11128 --- [main] s.b.c.e.t.TomcatEmbeddedServletContainer : Tomcat initialized with port(s): 1001 (http)
2017-08-13 22:15:52.351  INFO 11128 --- [main] o.apache.catalina.core.StandardService   : Starting service [Tomcat]
2017-08-13 22:15:52.352  INFO 11128 --- [main] org.apache.catalina.core.StandardEngine  : Starting Servlet Engine: Apache Tomcat/8.5.15
2017-08-13 22:15:52.467  INFO 11128 --- [localhost-startStop-1] o.a.c.c.C.[Tomcat].[localhost].[/]       : Initializing Spring embedded WebApplicationContext
2017-08-13 22:15:52.467  INFO 11128 --- [localhost-startStop-1] o.s.web.context.ContextLoader            : Root WebApplicationContext: initialization completed in 1225 ms
2017-08-13 22:15:52.855 ERROR 11128 --- [localhost-startStop-1] o.s.b.c.embedded.tomcat.TomcatStarter    : Error starting Tomcat context. Exception: org.springframework.beans.factory.UnsatisfiedDependencyException. Message: Error creating bean with name 'traceFilterRegistration' defined in class path resource [org/springframework/cloud/netflix/eureka/server/EurekaServerAutoConfiguration.class]: Unsatisfied dependency expressed through method 'traceFilterRegistration' parameter 0; nested exception is org.springframework.beans.factory.NoSuchBeanDefinitionException: No qualifying bean of type 'javax.servlet.Filter' available: expected at least 1 bean which qualifies as autowire candidate. Dependency annotations: {@org.springframework.beans.factory.annotation.Qualifier(value=webRequestLoggingFilter)}
2017-08-13 22:15:52.876  WARN 11128 --- [main] ationConfigEmbeddedWebApplicationContext : Exception encountered during context initialization - cancelling refresh attempt: org.springframework.context.ApplicationContextException: Unable to start embedded container; nested exception is org.springframework.boot.context.embedded.EmbeddedServletContainerException: Unable to start embedded Tomcat
2017-08-13 22:15:52.883  INFO 11128 --- [main] utoConfigurationReportLoggingInitializer : 

Error starting ApplicationContext. To display the auto-configuration report re-run your application with 'debug' enabled.
2017-08-13 22:15:52.992 ERROR 11128 --- [main] o.s.b.d.LoggingFailureAnalysisReporter   : 

***************************
APPLICATION FAILED TO START
***************************

Description:

Parameter 0 of method traceFilterRegistration in org.springframework.cloud.netflix.eureka.server.EurekaServerAutoConfiguration required a bean of type 'javax.servlet.Filter' that could not be found.
	- Bean method 'resourceUrlEncodingFilter' in 'FreeMarkerAutoConfiguration.FreeMarkerWebConfiguration' not loaded because @ConditionalOnEnabledResourceChain did not find class org.webjars.WebJarAssetLocator


Action:

Consider revisiting the conditions above or defining a bean of type 'javax.servlet.Filter' in your configuration.

